<!DOCTYPE html PUBLIC "-//W3C//DTD XHTML 1.1//EN" "http://www.w3.org/TR/xhtml11/DTD/xhtml11.dtd">
<html xmlns="http://www.w3.org/1999/xhtml"><head><title>TestNG Report</title><style type="text/css">table {margin-bottom:10px;border-collapse:collapse;empty-cells:show}th,td {border:1px solid #009;padding:.25em .5em}th {vertical-align:bottom}td {vertical-align:top}table a {font-weight:bold}.stripe td {background-color: #E6EBF9}.num {text-align:right}.passedodd td {background-color: #3F3}.passedeven td {background-color: #0A0}.skippedodd td {background-color: #DDD}.skippedeven td {background-color: #CCC}.failedodd td,.attn {background-color: #F33}.failedeven td,.stripe .attn {background-color: #D00}.stacktrace {white-space:pre;font-family:monospace}.totop {font-size:85%;text-align:center;border-bottom:2px solid #000}</style></head><body><table><tr><th>Test</th><th># Passed</th><th># Skipped</th><th># Failed</th><th>Time (ms)</th><th>Included Groups</th><th>Excluded Groups</th></tr><tr><th colspan="7">Suite</th></tr><tr><td><a href="#t0">Test</a></td><td class="num">5</td><td class="num">0</td><td class="num attn">2</td><td class="num">311,238</td><td></td><td></td></tr></table><table><thead><tr><th>Class</th><th>Method</th><th>Start</th><th>Time (ms)</th></tr></thead><tbody><tr><th colspan="4">Suite</th></tr></tbody><tbody id="t0"><tr><th colspan="4">Test &#8212; failed</th></tr><tr class="failedeven"><td rowspan="2">com.GtplBank.scripts.AccountTest</td><td><a href="#m0">createAccount</a></td><td rowspan="1">1598686878390</td><td rowspan="1">70974</td></tr><tr class="failedeven"><td><a href="#m1">deleteAccount</a></td><td rowspan="1">1598687002730</td><td rowspan="1">23449</td></tr><tr><th colspan="4">Test &#8212; passed</th></tr><tr class="passedeven"><td rowspan="3">com.GtplBank.scripts.CustomerFeatureTest</td><td><a href="#m2">addnewCustomer</a></td><td rowspan="1">1598686829736</td><td rowspan="1">13002</td></tr><tr class="passedeven"><td><a href="#m3">deletecustomer</a></td><td rowspan="1">1598687045139</td><td rowspan="1">7352</td></tr><tr class="passedeven"><td><a href="#m4">editcustomer</a></td><td rowspan="1">1598686855759</td><td rowspan="1">11165</td></tr><tr class="passedodd"><td rowspan="2">com.GtplBank.scripts.LoginTest</td><td><a href="#m5">InvalidLogin</a></td><td rowspan="1">1598686816396</td><td rowspan="1">1433</td></tr><tr class="passedodd"><td><a href="#m6">validLogin</a></td><td rowspan="1">1598686764104</td><td rowspan="1">19032</td></tr></tbody></table><h2>Test</h2><h3 id="m0">com.GtplBank.scripts.AccountTest#createAccount</h3><table class="result"><tr><th>Messages</th></tr><tr><td><div class="messages">createAccountscript execution startsSat Aug 29 13:11:18 IST 2020<br/>createAccount script is failed<br/>Screenshot has been taken</div></td></tr><tr><th>Exception</th></tr><tr><td><div class="stacktrace">org.openqa.selenium.NoSuchElementException: no such element: Unable to locate element: {&quot;method&quot;:&quot;css selector&quot;,&quot;selector&quot;:&quot;.heading3&quot;}
  (Session info: chrome=84.0.4147.135)
For documentation on this error, please visit: https://www.seleniumhq.org/exceptions/no_such_element.html
Build info: version: &apos;3.141.59&apos;, revision: &apos;e82be7d358&apos;, time: &apos;2018-11-14T08:17:03&apos;
System info: host: &apos;LAPTOP-VC35D2RP&apos;, ip: &apos;192.168.43.59&apos;, os.name: &apos;Windows 10&apos;, os.arch: &apos;amd64&apos;, os.version: &apos;10.0&apos;, java.version: &apos;1.8.0_241&apos;
Driver info: org.openqa.selenium.chrome.ChromeDriver
Capabilities {acceptInsecureCerts: false, browserName: chrome, browserVersion: 84.0.4147.135, chrome: {chromedriverVersion: 84.0.4147.30 (48b3e868b4cc0..., userDataDir: C:\Users\salmank\AppData\Lo...}, goog:chromeOptions: {debuggerAddress: localhost:58137}, javascriptEnabled: true, networkConnectionEnabled: false, pageLoadStrategy: normal, platform: WINDOWS, platformName: WINDOWS, proxy: Proxy(), setWindowRect: true, strictFileInteractability: false, timeouts: {implicit: 0, pageLoad: 300000, script: 30000}, unhandledPromptBehavior: dismiss and notify, webauthn:virtualAuthenticators: true}
Session ID: f5c991c9b97bce9a7dcce9ce3d9121c2
*** Element info: {Using=class name, value=heading3}
	at org.openqa.selenium.remote.http.W3CHttpResponseCodec.createException(W3CHttpResponseCodec.java:187)
	at org.openqa.selenium.remote.http.W3CHttpResponseCodec.decode(W3CHttpResponseCodec.java:122)
	at org.openqa.selenium.remote.http.W3CHttpResponseCodec.decode(W3CHttpResponseCodec.java:49)
	at org.openqa.selenium.remote.HttpCommandExecutor.execute(HttpCommandExecutor.java:158)
	at org.openqa.selenium.remote.service.DriverCommandExecutor.execute(DriverCommandExecutor.java:83)
	at org.openqa.selenium.remote.RemoteWebDriver.execute(RemoteWebDriver.java:552)
	at org.openqa.selenium.remote.RemoteWebDriver.findElement(RemoteWebDriver.java:323)
	at org.openqa.selenium.remote.RemoteWebDriver.findElementByClassName(RemoteWebDriver.java:412)
	at org.openqa.selenium.By$ByClassName.findElement(By.java:389)
	at org.openqa.selenium.remote.RemoteWebDriver.findElement(RemoteWebDriver.java:315)
	at org.openqa.selenium.support.pagefactory.DefaultElementLocator.findElement(DefaultElementLocator.java:69)
	at org.openqa.selenium.support.pagefactory.internal.LocatingElementHandler.invoke(LocatingElementHandler.java:38)
	at com.sun.proxy.$Proxy10.getText(Unknown Source)
	at com.GtplBank.features.AccountFeatures.CreateNewAccount(AccountFeatures.java:35)
	at com.GtplBank.scripts.AccountTest.createAccount(AccountTest.java:20)
... Removed 29 stack frames</div></td></tr></table><p class="totop"><a href="#summary">back to summary</a></p><h3 id="m1">com.GtplBank.scripts.AccountTest#deleteAccount</h3><table class="result"><tr><th>Messages</th></tr><tr><td><div class="messages">deleteAccountscript execution startsSat Aug 29 13:13:22 IST 2020<br/>deleteAccount script is failed<br/>Screenshot has been taken</div></td></tr><tr><th>Exception</th></tr><tr><td><div class="stacktrace">org.openqa.selenium.NoSuchElementException: no such element: Unable to locate element: {&quot;method&quot;:&quot;css selector&quot;,&quot;selector&quot;:&quot;*[name=&apos;accountno&apos;]&quot;}
  (Session info: chrome=84.0.4147.135)
For documentation on this error, please visit: https://www.seleniumhq.org/exceptions/no_such_element.html
Build info: version: &apos;3.141.59&apos;, revision: &apos;e82be7d358&apos;, time: &apos;2018-11-14T08:17:03&apos;
System info: host: &apos;LAPTOP-VC35D2RP&apos;, ip: &apos;192.168.43.59&apos;, os.name: &apos;Windows 10&apos;, os.arch: &apos;amd64&apos;, os.version: &apos;10.0&apos;, java.version: &apos;1.8.0_241&apos;
Driver info: org.openqa.selenium.chrome.ChromeDriver
Capabilities {acceptInsecureCerts: false, browserName: chrome, browserVersion: 84.0.4147.135, chrome: {chromedriverVersion: 84.0.4147.30 (48b3e868b4cc0..., userDataDir: C:\Users\salmank\AppData\Lo...}, goog:chromeOptions: {debuggerAddress: localhost:56831}, javascriptEnabled: true, networkConnectionEnabled: false, pageLoadStrategy: normal, platform: WINDOWS, platformName: WINDOWS, proxy: Proxy(), setWindowRect: true, strictFileInteractability: false, timeouts: {implicit: 0, pageLoad: 300000, script: 30000}, unhandledPromptBehavior: dismiss and notify, webauthn:virtualAuthenticators: true}
Session ID: e2f7f9aae201948a80b4b7ee84bc031b
*** Element info: {Using=name, value=accountno}
	at org.openqa.selenium.remote.http.W3CHttpResponseCodec.createException(W3CHttpResponseCodec.java:187)
	at org.openqa.selenium.remote.http.W3CHttpResponseCodec.decode(W3CHttpResponseCodec.java:122)
	at org.openqa.selenium.remote.http.W3CHttpResponseCodec.decode(W3CHttpResponseCodec.java:49)
	at org.openqa.selenium.remote.HttpCommandExecutor.execute(HttpCommandExecutor.java:158)
	at org.openqa.selenium.remote.service.DriverCommandExecutor.execute(DriverCommandExecutor.java:83)
	at org.openqa.selenium.remote.RemoteWebDriver.execute(RemoteWebDriver.java:552)
	at org.openqa.selenium.remote.RemoteWebDriver.findElement(RemoteWebDriver.java:323)
	at org.openqa.selenium.remote.RemoteWebDriver.findElementByName(RemoteWebDriver.java:404)
	at org.openqa.selenium.By$ByName.findElement(By.java:284)
	at org.openqa.selenium.remote.RemoteWebDriver.findElement(RemoteWebDriver.java:315)
	at org.openqa.selenium.support.pagefactory.DefaultElementLocator.findElement(DefaultElementLocator.java:69)
	at org.openqa.selenium.support.pagefactory.internal.LocatingElementHandler.invoke(LocatingElementHandler.java:38)
	at com.sun.proxy.$Proxy10.sendKeys(Unknown Source)
	at com.GtplBank.features.AccountFeatures.DeleteAccount(AccountFeatures.java:47)
	at com.GtplBank.scripts.AccountTest.deleteAccount(AccountTest.java:30)
... Removed 29 stack frames</div></td></tr></table><p class="totop"><a href="#summary">back to summary</a></p><h3 id="m2">com.GtplBank.scripts.CustomerFeatureTest#addnewCustomer</h3><table class="result"><tr><th>Messages</th></tr><tr><td><div class="messages">addnewCustomerscript execution startsSat Aug 29 13:10:29 IST 2020<br/>Customer Registered Successfully!!!<br/>Registered Customer details are as follows:<br/><br/>Customer ID<br/>49173<br/>Customer Name<br/>Salman<br/>Gender<br/>male<br/>Birthdate<br/>1995-10-25<br/>Address<br/>F145 Mehrauli<br/>City<br/>NewDelhi<br/>State<br/>Delhi<br/>Pin<br/>110054<br/>Mobile No.<br/>9876543219<br/>Email<br/>saif@gmail.com<br/>Continue<br/>addnewCustomerscript is passed</div></td></tr></table><p class="totop"><a href="#summary">back to summary</a></p><h3 id="m3">com.GtplBank.scripts.CustomerFeatureTest#deletecustomer</h3><table class="result"><tr><th>Messages</th></tr><tr><td><div class="messages">deletecustomerscript execution startsSat Aug 29 13:14:05 IST 2020<br/>Customer deleted Successfully<br/>deletecustomerscript is passed</div></td></tr></table><p class="totop"><a href="#summary">back to summary</a></p><h3 id="m4">com.GtplBank.scripts.CustomerFeatureTest#editcustomer</h3><table class="result"><tr><th>Messages</th></tr><tr><td><div class="messages">editcustomerscript execution startsSat Aug 29 13:10:55 IST 2020<br/>Customer details updated Successfully!!!<br/>editcustomerscript is passed</div></td></tr></table><p class="totop"><a href="#summary">back to summary</a></p><h3 id="m5">com.GtplBank.scripts.LoginTest#InvalidLogin</h3><table class="result"><tr><th>Messages</th></tr><tr><td><div class="messages">InvalidLoginscript execution startsSat Aug 29 13:10:16 IST 2020<br/>User is not valid<br/>InvalidLoginscript is passed</div></td></tr></table><p class="totop"><a href="#summary">back to summary</a></p><h3 id="m6">com.GtplBank.scripts.LoginTest#validLogin</h3><table class="result"><tr><th>Messages</th></tr><tr><td><div class="messages">validLoginscript execution startsSat Aug 29 13:09:24 IST 2020<br/>Guru99 Bank Manager HomePage<br/>validLoginscript is passed</div></td></tr></table><p class="totop"><a href="#summary">back to summary</a></p></body></html>