<?xml version="1.0" encoding="UTF-8"?>
<testng-results skipped="0" failed="2" ignored="0" total="7" passed="5">
  <reporter-output>
    <line>
      <![CDATA[Framework execution starts:Sat Aug 29 13:09:01 IST 2020]]>
    </line>
    <line>
      <![CDATA[validLoginscript execution startsSat Aug 29 13:09:24 IST 2020]]>
    </line>
    <line>
      <![CDATA[Guru99 Bank Manager HomePage]]>
    </line>
    <line>
      <![CDATA[validLoginscript is passed]]>
    </line>
    <line>
      <![CDATA[InvalidLoginscript execution startsSat Aug 29 13:10:16 IST 2020]]>
    </line>
    <line>
      <![CDATA[User is not valid]]>
    </line>
    <line>
      <![CDATA[InvalidLoginscript is passed]]>
    </line>
    <line>
      <![CDATA[addnewCustomerscript execution startsSat Aug 29 13:10:29 IST 2020]]>
    </line>
    <line>
      <![CDATA[Customer Registered Successfully!!!]]>
    </line>
    <line>
      <![CDATA[Registered Customer details are as follows:]]>
    </line>
    <line>
      <![CDATA[]]>
    </line>
    <line>
      <![CDATA[Customer ID]]>
    </line>
    <line>
      <![CDATA[49173]]>
    </line>
    <line>
      <![CDATA[Customer Name]]>
    </line>
    <line>
      <![CDATA[Salman]]>
    </line>
    <line>
      <![CDATA[Gender]]>
    </line>
    <line>
      <![CDATA[male]]>
    </line>
    <line>
      <![CDATA[Birthdate]]>
    </line>
    <line>
      <![CDATA[1995-10-25]]>
    </line>
    <line>
      <![CDATA[Address]]>
    </line>
    <line>
      <![CDATA[F145 Mehrauli]]>
    </line>
    <line>
      <![CDATA[City]]>
    </line>
    <line>
      <![CDATA[NewDelhi]]>
    </line>
    <line>
      <![CDATA[State]]>
    </line>
    <line>
      <![CDATA[Delhi]]>
    </line>
    <line>
      <![CDATA[Pin]]>
    </line>
    <line>
      <![CDATA[110054]]>
    </line>
    <line>
      <![CDATA[Mobile No.]]>
    </line>
    <line>
      <![CDATA[9876543219]]>
    </line>
    <line>
      <![CDATA[Email]]>
    </line>
    <line>
      <![CDATA[saif@gmail.com]]>
    </line>
    <line>
      <![CDATA[Continue]]>
    </line>
    <line>
      <![CDATA[addnewCustomerscript is passed]]>
    </line>
    <line>
      <![CDATA[editcustomerscript execution startsSat Aug 29 13:10:55 IST 2020]]>
    </line>
    <line>
      <![CDATA[Customer details updated Successfully!!!]]>
    </line>
    <line>
      <![CDATA[editcustomerscript is passed]]>
    </line>
    <line>
      <![CDATA[createAccountscript execution startsSat Aug 29 13:11:18 IST 2020]]>
    </line>
    <line>
      <![CDATA[createAccount script is failed]]>
    </line>
    <line>
      <![CDATA[Screenshot has been taken]]>
    </line>
    <line>
      <![CDATA[deleteAccountscript execution startsSat Aug 29 13:13:22 IST 2020]]>
    </line>
    <line>
      <![CDATA[deleteAccount script is failed]]>
    </line>
    <line>
      <![CDATA[Screenshot has been taken]]>
    </line>
    <line>
      <![CDATA[deletecustomerscript execution startsSat Aug 29 13:14:05 IST 2020]]>
    </line>
    <line>
      <![CDATA[Customer deleted Successfully]]>
    </line>
    <line>
      <![CDATA[deletecustomerscript is passed]]>
    </line>
  </reporter-output>
  <suite name="Suite" duration-ms="311238" started-at="2020-08-29T07:39:01Z" finished-at="2020-08-29T07:44:12Z">
    <groups>
    </groups>
    <test name="Test" duration-ms="311238" started-at="2020-08-29T07:39:01Z" finished-at="2020-08-29T07:44:12Z">
      <class name="com.GtplBank.scripts.AccountTest">
        <test-method status="PASS" signature="precondition(java.lang.String, java.lang.String)[pri:0, instance:com.GtplBank.scripts.AccountTest@14acaea5]" name="precondition" is-config="true" duration-ms="11302" started-at="2020-08-29T13:11:07Z" finished-at="2020-08-29T13:11:18Z">
          <params>
            <param index="0">
              <value>
                <![CDATA[chrome]]>
              </value>
            </param>
            <param index="1">
              <value>
                <![CDATA[http://demo.guru99.com/v3/index.php]]>
              </value>
            </param>
          </params>
          <reporter-output>
          </reporter-output>
        </test-method> <!-- precondition -->
        <test-method status="FAIL" signature="createAccount()[pri:5, instance:com.GtplBank.scripts.AccountTest@14acaea5]" name="createAccount" duration-ms="70974" started-at="2020-08-29T13:11:18Z" finished-at="2020-08-29T13:12:29Z">
          <exception class="org.openqa.selenium.NoSuchElementException">
            <message>
              <![CDATA[no such element: Unable to locate element: {"method":"css selector","selector":".heading3"}
  (Session info: chrome=84.0.4147.135)
For documentation on this error, please visit: https://www.seleniumhq.org/exceptions/no_such_element.html
Build info: version: '3.141.59', revision: 'e82be7d358', time: '2018-11-14T08:17:03'
System info: host: 'LAPTOP-VC35D2RP', ip: '192.168.43.59', os.name: 'Windows 10', os.arch: 'amd64', os.version: '10.0', java.version: '1.8.0_241'
Driver info: org.openqa.selenium.chrome.ChromeDriver
Capabilities {acceptInsecureCerts: false, browserName: chrome, browserVersion: 84.0.4147.135, chrome: {chromedriverVersion: 84.0.4147.30 (48b3e868b4cc0..., userDataDir: C:\Users\salmank\AppData\Lo...}, goog:chromeOptions: {debuggerAddress: localhost:58137}, javascriptEnabled: true, networkConnectionEnabled: false, pageLoadStrategy: normal, platform: WINDOWS, platformName: WINDOWS, proxy: Proxy(), setWindowRect: true, strictFileInteractability: false, timeouts: {implicit: 0, pageLoad: 300000, script: 30000}, unhandledPromptBehavior: dismiss and notify, webauthn:virtualAuthenticators: true}
Session ID: f5c991c9b97bce9a7dcce9ce3d9121c2
*** Element info: {Using=class name, value=heading3}]]>
            </message>
            <full-stacktrace>
              <![CDATA[org.openqa.selenium.NoSuchElementException: no such element: Unable to locate element: {"method":"css selector","selector":".heading3"}
  (Session info: chrome=84.0.4147.135)
For documentation on this error, please visit: https://www.seleniumhq.org/exceptions/no_such_element.html
Build info: version: '3.141.59', revision: 'e82be7d358', time: '2018-11-14T08:17:03'
System info: host: 'LAPTOP-VC35D2RP', ip: '192.168.43.59', os.name: 'Windows 10', os.arch: 'amd64', os.version: '10.0', java.version: '1.8.0_241'
Driver info: org.openqa.selenium.chrome.ChromeDriver
Capabilities {acceptInsecureCerts: false, browserName: chrome, browserVersion: 84.0.4147.135, chrome: {chromedriverVersion: 84.0.4147.30 (48b3e868b4cc0..., userDataDir: C:\Users\salmank\AppData\Lo...}, goog:chromeOptions: {debuggerAddress: localhost:58137}, javascriptEnabled: true, networkConnectionEnabled: false, pageLoadStrategy: normal, platform: WINDOWS, platformName: WINDOWS, proxy: Proxy(), setWindowRect: true, strictFileInteractability: false, timeouts: {implicit: 0, pageLoad: 300000, script: 30000}, unhandledPromptBehavior: dismiss and notify, webauthn:virtualAuthenticators: true}
Session ID: f5c991c9b97bce9a7dcce9ce3d9121c2
*** Element info: {Using=class name, value=heading3}
	at sun.reflect.NativeConstructorAccessorImpl.newInstance0(Native Method)
	at sun.reflect.NativeConstructorAccessorImpl.newInstance(Unknown Source)
	at sun.reflect.DelegatingConstructorAccessorImpl.newInstance(Unknown Source)
	at java.lang.reflect.Constructor.newInstance(Unknown Source)
	at org.openqa.selenium.remote.http.W3CHttpResponseCodec.createException(W3CHttpResponseCodec.java:187)
	at org.openqa.selenium.remote.http.W3CHttpResponseCodec.decode(W3CHttpResponseCodec.java:122)
	at org.openqa.selenium.remote.http.W3CHttpResponseCodec.decode(W3CHttpResponseCodec.java:49)
	at org.openqa.selenium.remote.HttpCommandExecutor.execute(HttpCommandExecutor.java:158)
	at org.openqa.selenium.remote.service.DriverCommandExecutor.execute(DriverCommandExecutor.java:83)
	at org.openqa.selenium.remote.RemoteWebDriver.execute(RemoteWebDriver.java:552)
	at org.openqa.selenium.remote.RemoteWebDriver.findElement(RemoteWebDriver.java:323)
	at org.openqa.selenium.remote.RemoteWebDriver.findElementByClassName(RemoteWebDriver.java:412)
	at org.openqa.selenium.By$ByClassName.findElement(By.java:389)
	at org.openqa.selenium.remote.RemoteWebDriver.findElement(RemoteWebDriver.java:315)
	at org.openqa.selenium.support.pagefactory.DefaultElementLocator.findElement(DefaultElementLocator.java:69)
	at org.openqa.selenium.support.pagefactory.internal.LocatingElementHandler.invoke(LocatingElementHandler.java:38)
	at com.sun.proxy.$Proxy10.getText(Unknown Source)
	at com.GtplBank.features.AccountFeatures.CreateNewAccount(AccountFeatures.java:35)
	at com.GtplBank.scripts.AccountTest.createAccount(AccountTest.java:20)
	at sun.reflect.NativeMethodAccessorImpl.invoke0(Native Method)
	at sun.reflect.NativeMethodAccessorImpl.invoke(Unknown Source)
	at sun.reflect.DelegatingMethodAccessorImpl.invoke(Unknown Source)
	at java.lang.reflect.Method.invoke(Unknown Source)
	at org.testng.internal.MethodInvocationHelper.invokeMethod(MethodInvocationHelper.java:104)
	at org.testng.internal.Invoker.invokeMethod(Invoker.java:645)
	at org.testng.internal.Invoker.invokeTestMethod(Invoker.java:851)
	at org.testng.internal.Invoker.invokeTestMethods(Invoker.java:1177)
	at org.testng.internal.TestMethodWorker.invokeTestMethods(TestMethodWorker.java:129)
	at org.testng.internal.TestMethodWorker.run(TestMethodWorker.java:112)
	at org.testng.TestRunner.privateRun(TestRunner.java:756)
	at org.testng.TestRunner.run(TestRunner.java:610)
	at org.testng.SuiteRunner.runTest(SuiteRunner.java:387)
	at org.testng.SuiteRunner.runSequentially(SuiteRunner.java:382)
	at org.testng.SuiteRunner.privateRun(SuiteRunner.java:340)
	at org.testng.SuiteRunner.run(SuiteRunner.java:289)
	at org.testng.SuiteRunnerWorker.runSuite(SuiteRunnerWorker.java:52)
	at org.testng.SuiteRunnerWorker.run(SuiteRunnerWorker.java:86)
	at org.testng.TestNG.runSuitesSequentially(TestNG.java:1293)
	at org.testng.TestNG.runSuitesLocally(TestNG.java:1218)
	at org.testng.TestNG.runSuites(TestNG.java:1133)
	at org.testng.TestNG.run(TestNG.java:1104)
	at org.testng.remote.AbstractRemoteTestNG.run(AbstractRemoteTestNG.java:132)
	at org.testng.remote.RemoteTestNG.initAndRun(RemoteTestNG.java:236)
	at org.testng.remote.RemoteTestNG.main(RemoteTestNG.java:81)
]]>
            </full-stacktrace>
          </exception> <!-- org.openqa.selenium.NoSuchElementException -->
          <reporter-output>
            <line>
              <![CDATA[createAccountscript execution startsSat Aug 29 13:11:18 IST 2020]]>
            </line>
            <line>
              <![CDATA[createAccount script is failed]]>
            </line>
            <line>
              <![CDATA[Screenshot has been taken]]>
            </line>
          </reporter-output>
        </test-method> <!-- createAccount -->
        <test-method status="PASS" signature="postCondition()[pri:0, instance:com.GtplBank.scripts.AccountTest@14acaea5]" name="postCondition" is-config="true" duration-ms="161" started-at="2020-08-29T13:12:30Z" finished-at="2020-08-29T13:12:30Z">
          <reporter-output>
          </reporter-output>
        </test-method> <!-- postCondition -->
        <test-method status="PASS" signature="precondition(java.lang.String, java.lang.String)[pri:0, instance:com.GtplBank.scripts.AccountTest@14acaea5]" name="precondition" is-config="true" duration-ms="52534" started-at="2020-08-29T13:12:30Z" finished-at="2020-08-29T13:13:22Z">
          <params>
            <param index="0">
              <value>
                <![CDATA[chrome]]>
              </value>
            </param>
            <param index="1">
              <value>
                <![CDATA[http://demo.guru99.com/v3/index.php]]>
              </value>
            </param>
          </params>
          <reporter-output>
          </reporter-output>
        </test-method> <!-- precondition -->
        <test-method status="FAIL" signature="deleteAccount()[pri:6, instance:com.GtplBank.scripts.AccountTest@14acaea5]" name="deleteAccount" duration-ms="23449" started-at="2020-08-29T13:13:22Z" finished-at="2020-08-29T13:13:46Z">
          <exception class="org.openqa.selenium.NoSuchElementException">
            <message>
              <![CDATA[no such element: Unable to locate element: {"method":"css selector","selector":"*[name='accountno']"}
  (Session info: chrome=84.0.4147.135)
For documentation on this error, please visit: https://www.seleniumhq.org/exceptions/no_such_element.html
Build info: version: '3.141.59', revision: 'e82be7d358', time: '2018-11-14T08:17:03'
System info: host: 'LAPTOP-VC35D2RP', ip: '192.168.43.59', os.name: 'Windows 10', os.arch: 'amd64', os.version: '10.0', java.version: '1.8.0_241'
Driver info: org.openqa.selenium.chrome.ChromeDriver
Capabilities {acceptInsecureCerts: false, browserName: chrome, browserVersion: 84.0.4147.135, chrome: {chromedriverVersion: 84.0.4147.30 (48b3e868b4cc0..., userDataDir: C:\Users\salmank\AppData\Lo...}, goog:chromeOptions: {debuggerAddress: localhost:56831}, javascriptEnabled: true, networkConnectionEnabled: false, pageLoadStrategy: normal, platform: WINDOWS, platformName: WINDOWS, proxy: Proxy(), setWindowRect: true, strictFileInteractability: false, timeouts: {implicit: 0, pageLoad: 300000, script: 30000}, unhandledPromptBehavior: dismiss and notify, webauthn:virtualAuthenticators: true}
Session ID: e2f7f9aae201948a80b4b7ee84bc031b
*** Element info: {Using=name, value=accountno}]]>
            </message>
            <full-stacktrace>
              <![CDATA[org.openqa.selenium.NoSuchElementException: no such element: Unable to locate element: {"method":"css selector","selector":"*[name='accountno']"}
  (Session info: chrome=84.0.4147.135)
For documentation on this error, please visit: https://www.seleniumhq.org/exceptions/no_such_element.html
Build info: version: '3.141.59', revision: 'e82be7d358', time: '2018-11-14T08:17:03'
System info: host: 'LAPTOP-VC35D2RP', ip: '192.168.43.59', os.name: 'Windows 10', os.arch: 'amd64', os.version: '10.0', java.version: '1.8.0_241'
Driver info: org.openqa.selenium.chrome.ChromeDriver
Capabilities {acceptInsecureCerts: false, browserName: chrome, browserVersion: 84.0.4147.135, chrome: {chromedriverVersion: 84.0.4147.30 (48b3e868b4cc0..., userDataDir: C:\Users\salmank\AppData\Lo...}, goog:chromeOptions: {debuggerAddress: localhost:56831}, javascriptEnabled: true, networkConnectionEnabled: false, pageLoadStrategy: normal, platform: WINDOWS, platformName: WINDOWS, proxy: Proxy(), setWindowRect: true, strictFileInteractability: false, timeouts: {implicit: 0, pageLoad: 300000, script: 30000}, unhandledPromptBehavior: dismiss and notify, webauthn:virtualAuthenticators: true}
Session ID: e2f7f9aae201948a80b4b7ee84bc031b
*** Element info: {Using=name, value=accountno}
	at sun.reflect.NativeConstructorAccessorImpl.newInstance0(Native Method)
	at sun.reflect.NativeConstructorAccessorImpl.newInstance(Unknown Source)
	at sun.reflect.DelegatingConstructorAccessorImpl.newInstance(Unknown Source)
	at java.lang.reflect.Constructor.newInstance(Unknown Source)
	at org.openqa.selenium.remote.http.W3CHttpResponseCodec.createException(W3CHttpResponseCodec.java:187)
	at org.openqa.selenium.remote.http.W3CHttpResponseCodec.decode(W3CHttpResponseCodec.java:122)
	at org.openqa.selenium.remote.http.W3CHttpResponseCodec.decode(W3CHttpResponseCodec.java:49)
	at org.openqa.selenium.remote.HttpCommandExecutor.execute(HttpCommandExecutor.java:158)
	at org.openqa.selenium.remote.service.DriverCommandExecutor.execute(DriverCommandExecutor.java:83)
	at org.openqa.selenium.remote.RemoteWebDriver.execute(RemoteWebDriver.java:552)
	at org.openqa.selenium.remote.RemoteWebDriver.findElement(RemoteWebDriver.java:323)
	at org.openqa.selenium.remote.RemoteWebDriver.findElementByName(RemoteWebDriver.java:404)
	at org.openqa.selenium.By$ByName.findElement(By.java:284)
	at org.openqa.selenium.remote.RemoteWebDriver.findElement(RemoteWebDriver.java:315)
	at org.openqa.selenium.support.pagefactory.DefaultElementLocator.findElement(DefaultElementLocator.java:69)
	at org.openqa.selenium.support.pagefactory.internal.LocatingElementHandler.invoke(LocatingElementHandler.java:38)
	at com.sun.proxy.$Proxy10.sendKeys(Unknown Source)
	at com.GtplBank.features.AccountFeatures.DeleteAccount(AccountFeatures.java:47)
	at com.GtplBank.scripts.AccountTest.deleteAccount(AccountTest.java:30)
	at sun.reflect.NativeMethodAccessorImpl.invoke0(Native Method)
	at sun.reflect.NativeMethodAccessorImpl.invoke(Unknown Source)
	at sun.reflect.DelegatingMethodAccessorImpl.invoke(Unknown Source)
	at java.lang.reflect.Method.invoke(Unknown Source)
	at org.testng.internal.MethodInvocationHelper.invokeMethod(MethodInvocationHelper.java:104)
	at org.testng.internal.Invoker.invokeMethod(Invoker.java:645)
	at org.testng.internal.Invoker.invokeTestMethod(Invoker.java:851)
	at org.testng.internal.Invoker.invokeTestMethods(Invoker.java:1177)
	at org.testng.internal.TestMethodWorker.invokeTestMethods(TestMethodWorker.java:129)
	at org.testng.internal.TestMethodWorker.run(TestMethodWorker.java:112)
	at org.testng.TestRunner.privateRun(TestRunner.java:756)
	at org.testng.TestRunner.run(TestRunner.java:610)
	at org.testng.SuiteRunner.runTest(SuiteRunner.java:387)
	at org.testng.SuiteRunner.runSequentially(SuiteRunner.java:382)
	at org.testng.SuiteRunner.privateRun(SuiteRunner.java:340)
	at org.testng.SuiteRunner.run(SuiteRunner.java:289)
	at org.testng.SuiteRunnerWorker.runSuite(SuiteRunnerWorker.java:52)
	at org.testng.SuiteRunnerWorker.run(SuiteRunnerWorker.java:86)
	at org.testng.TestNG.runSuitesSequentially(TestNG.java:1293)
	at org.testng.TestNG.runSuitesLocally(TestNG.java:1218)
	at org.testng.TestNG.runSuites(TestNG.java:1133)
	at org.testng.TestNG.run(TestNG.java:1104)
	at org.testng.remote.AbstractRemoteTestNG.run(AbstractRemoteTestNG.java:132)
	at org.testng.remote.RemoteTestNG.initAndRun(RemoteTestNG.java:236)
	at org.testng.remote.RemoteTestNG.main(RemoteTestNG.java:81)
]]>
            </full-stacktrace>
          </exception> <!-- org.openqa.selenium.NoSuchElementException -->
          <reporter-output>
            <line>
              <![CDATA[deleteAccountscript execution startsSat Aug 29 13:13:22 IST 2020]]>
            </line>
            <line>
              <![CDATA[deleteAccount script is failed]]>
            </line>
            <line>
              <![CDATA[Screenshot has been taken]]>
            </line>
          </reporter-output>
        </test-method> <!-- deleteAccount -->
        <test-method status="PASS" signature="postCondition()[pri:0, instance:com.GtplBank.scripts.AccountTest@14acaea5]" name="postCondition" is-config="true" duration-ms="317" started-at="2020-08-29T13:13:46Z" finished-at="2020-08-29T13:13:47Z">
          <reporter-output>
          </reporter-output>
        </test-method> <!-- postCondition -->
      </class> <!-- com.GtplBank.scripts.AccountTest -->
      <class name="com.GtplBank.scripts.LoginTest">
        <test-method status="PASS" signature="precondition(java.lang.String, java.lang.String)[pri:0, instance:com.GtplBank.scripts.LoginTest@d8355a8]" name="precondition" is-config="true" duration-ms="22593" started-at="2020-08-29T13:09:01Z" finished-at="2020-08-29T13:09:24Z">
          <params>
            <param index="0">
              <value>
                <![CDATA[chrome]]>
              </value>
            </param>
            <param index="1">
              <value>
                <![CDATA[http://demo.guru99.com/v3/index.php]]>
              </value>
            </param>
          </params>
          <reporter-output>
          </reporter-output>
        </test-method> <!-- precondition -->
        <test-method status="PASS" signature="validLogin()[pri:1, instance:com.GtplBank.scripts.LoginTest@d8355a8]" name="validLogin" duration-ms="19032" started-at="2020-08-29T13:09:24Z" finished-at="2020-08-29T13:09:43Z">
          <reporter-output>
            <line>
              <![CDATA[validLoginscript execution startsSat Aug 29 13:09:24 IST 2020]]>
            </line>
            <line>
              <![CDATA[Guru99 Bank Manager HomePage]]>
            </line>
            <line>
              <![CDATA[validLoginscript is passed]]>
            </line>
          </reporter-output>
        </test-method> <!-- validLogin -->
        <test-method status="PASS" signature="postCondition()[pri:0, instance:com.GtplBank.scripts.LoginTest@d8355a8]" name="postCondition" is-config="true" duration-ms="435" started-at="2020-08-29T13:09:43Z" finished-at="2020-08-29T13:09:43Z">
          <reporter-output>
          </reporter-output>
        </test-method> <!-- postCondition -->
        <test-method status="PASS" signature="precondition(java.lang.String, java.lang.String)[pri:0, instance:com.GtplBank.scripts.LoginTest@d8355a8]" name="precondition" is-config="true" duration-ms="32816" started-at="2020-08-29T13:09:43Z" finished-at="2020-08-29T13:10:16Z">
          <params>
            <param index="0">
              <value>
                <![CDATA[chrome]]>
              </value>
            </param>
            <param index="1">
              <value>
                <![CDATA[http://demo.guru99.com/v3/index.php]]>
              </value>
            </param>
          </params>
          <reporter-output>
          </reporter-output>
        </test-method> <!-- precondition -->
        <test-method status="PASS" signature="InvalidLogin()[pri:2, instance:com.GtplBank.scripts.LoginTest@d8355a8]" name="InvalidLogin" duration-ms="1433" started-at="2020-08-29T13:10:16Z" finished-at="2020-08-29T13:10:17Z">
          <reporter-output>
            <line>
              <![CDATA[InvalidLoginscript execution startsSat Aug 29 13:10:16 IST 2020]]>
            </line>
            <line>
              <![CDATA[User is not valid]]>
            </line>
            <line>
              <![CDATA[InvalidLoginscript is passed]]>
            </line>
          </reporter-output>
        </test-method> <!-- InvalidLogin -->
        <test-method status="PASS" signature="postCondition()[pri:0, instance:com.GtplBank.scripts.LoginTest@d8355a8]" name="postCondition" is-config="true" duration-ms="207" started-at="2020-08-29T13:10:17Z" finished-at="2020-08-29T13:10:18Z">
          <reporter-output>
          </reporter-output>
        </test-method> <!-- postCondition -->
      </class> <!-- com.GtplBank.scripts.LoginTest -->
      <class name="com.GtplBank.scripts.CustomerFeatureTest">
        <test-method status="PASS" signature="precondition(java.lang.String, java.lang.String)[pri:0, instance:com.GtplBank.scripts.CustomerFeatureTest@46d56d67]" name="precondition" is-config="true" duration-ms="11692" started-at="2020-08-29T13:10:18Z" finished-at="2020-08-29T13:10:29Z">
          <params>
            <param index="0">
              <value>
                <![CDATA[chrome]]>
              </value>
            </param>
            <param index="1">
              <value>
                <![CDATA[http://demo.guru99.com/v3/index.php]]>
              </value>
            </param>
          </params>
          <reporter-output>
          </reporter-output>
        </test-method> <!-- precondition -->
        <test-method status="PASS" signature="addnewCustomer()[pri:3, instance:com.GtplBank.scripts.CustomerFeatureTest@46d56d67]" name="addnewCustomer" duration-ms="13002" started-at="2020-08-29T13:10:29Z" finished-at="2020-08-29T13:10:42Z">
          <reporter-output>
            <line>
              <![CDATA[addnewCustomerscript execution startsSat Aug 29 13:10:29 IST 2020]]>
            </line>
            <line>
              <![CDATA[Customer Registered Successfully!!!]]>
            </line>
            <line>
              <![CDATA[Registered Customer details are as follows:]]>
            </line>
            <line>
              <![CDATA[]]>
            </line>
            <line>
              <![CDATA[Customer ID]]>
            </line>
            <line>
              <![CDATA[49173]]>
            </line>
            <line>
              <![CDATA[Customer Name]]>
            </line>
            <line>
              <![CDATA[Salman]]>
            </line>
            <line>
              <![CDATA[Gender]]>
            </line>
            <line>
              <![CDATA[male]]>
            </line>
            <line>
              <![CDATA[Birthdate]]>
            </line>
            <line>
              <![CDATA[1995-10-25]]>
            </line>
            <line>
              <![CDATA[Address]]>
            </line>
            <line>
              <![CDATA[F145 Mehrauli]]>
            </line>
            <line>
              <![CDATA[City]]>
            </line>
            <line>
              <![CDATA[NewDelhi]]>
            </line>
            <line>
              <![CDATA[State]]>
            </line>
            <line>
              <![CDATA[Delhi]]>
            </line>
            <line>
              <![CDATA[Pin]]>
            </line>
            <line>
              <![CDATA[110054]]>
            </line>
            <line>
              <![CDATA[Mobile No.]]>
            </line>
            <line>
              <![CDATA[9876543219]]>
            </line>
            <line>
              <![CDATA[Email]]>
            </line>
            <line>
              <![CDATA[saif@gmail.com]]>
            </line>
            <line>
              <![CDATA[Continue]]>
            </line>
            <line>
              <![CDATA[addnewCustomerscript is passed]]>
            </line>
          </reporter-output>
        </test-method> <!-- addnewCustomer -->
        <test-method status="PASS" signature="postCondition()[pri:0, instance:com.GtplBank.scripts.CustomerFeatureTest@46d56d67]" name="postCondition" is-config="true" duration-ms="217" started-at="2020-08-29T13:10:42Z" finished-at="2020-08-29T13:10:42Z">
          <reporter-output>
          </reporter-output>
        </test-method> <!-- postCondition -->
        <test-method status="PASS" signature="precondition(java.lang.String, java.lang.String)[pri:0, instance:com.GtplBank.scripts.CustomerFeatureTest@46d56d67]" name="precondition" is-config="true" duration-ms="12800" started-at="2020-08-29T13:10:42Z" finished-at="2020-08-29T13:10:55Z">
          <params>
            <param index="0">
              <value>
                <![CDATA[chrome]]>
              </value>
            </param>
            <param index="1">
              <value>
                <![CDATA[http://demo.guru99.com/v3/index.php]]>
              </value>
            </param>
          </params>
          <reporter-output>
          </reporter-output>
        </test-method> <!-- precondition -->
        <test-method status="PASS" signature="editcustomer()[pri:4, instance:com.GtplBank.scripts.CustomerFeatureTest@46d56d67]" name="editcustomer" duration-ms="11165" started-at="2020-08-29T13:10:55Z" finished-at="2020-08-29T13:11:06Z">
          <reporter-output>
            <line>
              <![CDATA[editcustomerscript execution startsSat Aug 29 13:10:55 IST 2020]]>
            </line>
            <line>
              <![CDATA[Customer details updated Successfully!!!]]>
            </line>
            <line>
              <![CDATA[editcustomerscript is passed]]>
            </line>
          </reporter-output>
        </test-method> <!-- editcustomer -->
        <test-method status="PASS" signature="postCondition()[pri:0, instance:com.GtplBank.scripts.CustomerFeatureTest@46d56d67]" name="postCondition" is-config="true" duration-ms="162" started-at="2020-08-29T13:11:06Z" finished-at="2020-08-29T13:11:07Z">
          <reporter-output>
          </reporter-output>
        </test-method> <!-- postCondition -->
        <test-method status="PASS" signature="precondition(java.lang.String, java.lang.String)[pri:0, instance:com.GtplBank.scripts.CustomerFeatureTest@46d56d67]" name="precondition" is-config="true" duration-ms="17891" started-at="2020-08-29T13:13:47Z" finished-at="2020-08-29T13:14:05Z">
          <params>
            <param index="0">
              <value>
                <![CDATA[chrome]]>
              </value>
            </param>
            <param index="1">
              <value>
                <![CDATA[http://demo.guru99.com/v3/index.php]]>
              </value>
            </param>
          </params>
          <reporter-output>
          </reporter-output>
        </test-method> <!-- precondition -->
        <test-method status="PASS" signature="deletecustomer()[pri:7, instance:com.GtplBank.scripts.CustomerFeatureTest@46d56d67]" name="deletecustomer" duration-ms="7352" started-at="2020-08-29T13:14:05Z" finished-at="2020-08-29T13:14:12Z">
          <reporter-output>
            <line>
              <![CDATA[deletecustomerscript execution startsSat Aug 29 13:14:05 IST 2020]]>
            </line>
            <line>
              <![CDATA[Customer deleted Successfully]]>
            </line>
            <line>
              <![CDATA[deletecustomerscript is passed]]>
            </line>
          </reporter-output>
        </test-method> <!-- deletecustomer -->
        <test-method status="PASS" signature="postCondition()[pri:0, instance:com.GtplBank.scripts.CustomerFeatureTest@46d56d67]" name="postCondition" is-config="true" duration-ms="197" started-at="2020-08-29T13:14:12Z" finished-at="2020-08-29T13:14:12Z">
          <reporter-output>
          </reporter-output>
        </test-method> <!-- postCondition -->
      </class> <!-- com.GtplBank.scripts.CustomerFeatureTest -->
    </test> <!-- Test -->
  </suite> <!-- Suite -->
</testng-results>
